2013-04-10 09:35:15,587 - Logged_in: False 
2013-04-10 09:35:47,206 - Logged_in: False 
2013-04-10 09:35:48,128 - Logged_in: False 
2013-04-10 09:36:21,567 - Logged_in: False 
2013-04-10 09:36:38,101 - Logged_in: False 
2013-04-10 09:36:49,080 - Logged_in: False 
2013-04-10 09:37:30,250 - Logged_in: False 
2013-04-10 10:36:44,800 - Logged_in: False 
2013-04-10 10:36:54,166 - Logged_in: False 
2013-04-10 10:52:50,101 - Checking if user-specific file exists 
2013-04-10 10:52:50,102 - Path: static/resources/0/textput 
2013-04-10 10:52:50,102 - User file doesn't exist, checking for root file 
2013-04-10 10:52:50,102 - Root path: static/resources/0/textput 
2013-04-10 10:52:50,102 - File not found 
2013-04-10 11:08:35,917 - Logged_in: False 
2013-04-10 11:10:30,860 - Logged_in: False 
2013-04-10 11:17:17,733 - Logged_in: False 
2013-04-10 11:17:24,796 - Logged_in: False 
2013-04-10 11:17:29,508 - Deleting user 
2013-04-10 11:17:31,196 - Deleting user 
2013-04-10 11:17:32,303 - Deleting user 
2013-04-10 11:17:33,213 - Deleting user 
2013-04-10 11:54:21,139 - Logged_in: False 
2013-04-10 12:06:14,566 - Logged_in: False 
2013-04-10 12:06:35,864 - Logged_in: False 
2013-04-10 12:10:48,714 - Logged_in: False 
2013-04-10 12:11:04,132 - Logged_in: False 
2013-04-10 12:12:29,095 - Logged_in: False 
2013-04-10 12:15:29,961 - Logged_in: False 
2013-04-10 12:17:52,641 - Logged_in: False 
2013-04-10 12:18:10,448 - Logged_in: False 
2013-04-10 12:18:58,530 - Logged_in: False 
2013-04-10 12:19:11,401 - Logged_in: False 
2013-04-10 12:19:12,408 - Logged_in: False 
2013-04-10 12:19:46,831 - Logged_in: False 
2013-04-10 12:19:47,758 - Logged_in: False 
2013-04-10 12:19:48,926 - Logged_in: False 
2013-04-10 12:20:58,139 - Logged_in: False 
2013-04-10 12:22:39,436 - Logged_in: False 
2013-04-10 12:23:12,666 - Logged_in: False 
2013-04-10 12:29:20,446 - Logged_in: False 
2013-04-10 12:32:17,283 - Logged_in: False 
2013-04-10 12:33:55,119 - Logged_in: False 
2013-04-10 12:35:20,471 - Logged_in: False 
2013-04-11 14:10:27,645 - Logged_in: False 
2013-04-11 14:11:35,465 - Logged_in: False 
2013-04-11 14:11:38,077 - Logged_in: False 
2013-04-11 14:14:36,737 - Logged_in: False 
2013-04-11 14:15:01,548 - Logged_in: False 
2013-04-11 14:15:44,488 - Logged_in: False 
2013-04-11 14:19:31,743 - Logged_in: False 
2013-04-11 14:20:21,117 - Logged_in: False 
2013-04-11 14:20:54,986 - Logged_in: False 
2013-04-11 14:23:51,027 - Logged_in: False 
2013-04-11 14:25:22,413 - Logged_in: False 
2013-04-11 14:25:25,823 - Logged_in: False 
2013-04-11 14:25:33,943 - Logged_in: False 
2013-04-11 14:26:50,704 - Logged_in: False 
2013-04-11 14:26:58,705 - Logged_in: False 
2013-04-11 14:27:13,236 - Logged_in: False 
2013-04-11 14:27:19,630 - Logged_in: False 
2013-04-11 14:30:00,116 - Logged_in: False 
2013-04-11 14:30:13,341 - Logged_in: False 
2013-04-11 14:30:28,345 - Logged_in: False 
2013-04-11 14:36:04,204 - Logged_in: False 
2013-04-11 14:36:53,766 - Logged_in: False 
2013-04-11 14:38:03,822 - Logged_in: False 
2013-04-11 14:38:20,305 - Logged_in: False 
2013-04-11 14:38:48,256 - Logged_in: False 
2013-04-11 14:49:14,287 - Logged_in: False 
2013-04-11 14:50:34,070 - Logged_in: False 
2013-04-11 14:50:52,666 - Logged_in: False 
2013-04-11 14:52:07,406 - Logged_in: False 
2013-04-11 14:53:02,883 - Logged_in: False 
2013-04-11 14:54:43,811 - Logged_in: False 
2013-04-11 14:55:53,225 - Logged_in: False 
2013-04-11 15:03:34,011 - Logged_in: False 
2013-04-11 15:04:54,927 - Logged_in: False 
2013-04-11 15:06:11,273 - Logged_in: False 
2013-04-11 15:15:13,706 - Logged_in: False 
2013-04-11 15:18:42,675 - Logged_in: False 
2013-04-11 15:19:14,559 - Logged_in: False 
2013-04-11 15:20:02,609 - Logged_in: False 
2013-04-11 15:21:26,584 - Logged_in: False 
2013-04-11 15:26:14,619 - Logged_in: False 
2013-04-11 15:26:46,071 - Logged_in: False 
2013-04-11 15:27:13,461 - Logged_in: False 
2013-04-11 15:39:14,362 - Logged_in: False 
2013-04-11 15:42:23,416 - Logged_in: False 
2013-04-11 15:42:32,899 - Logged_in: False 
2013-04-11 15:45:41,485 - Logged_in: False 
2013-04-11 15:46:21,764 - Logged_in: False 
2013-04-11 15:46:26,440 - Logged_in: False 
2013-04-11 15:47:10,977 - Logged_in: False 
2013-04-11 15:47:14,706 - Logged_in: False 
2013-04-11 15:47:39,771 - Logged_in: False 
2013-04-11 15:47:49,008 - Logged_in: False 
2013-04-11 15:47:52,113 - Logged_in: False 
2013-04-11 15:50:16,223 - Logged_in: False 
2013-04-11 15:58:33,589 - Logged_in: False 
2013-04-11 16:00:02,899 - Logged_in: False 
2013-04-11 16:12:31,512 - Logged_in: False 
2013-04-11 16:13:05,030 - Logged_in: False 
2013-04-11 16:13:14,911 - Logged_in: False 
2013-04-11 16:13:28,194 - Logged_in: False 
2013-04-11 16:14:26,960 - Logged_in: False 
2013-04-11 16:15:55,385 - Logged_in: False 
2013-04-11 16:16:04,404 - Logged_in: False 
2013-04-11 16:16:16,903 - Logged_in: False 
2013-04-11 16:28:47,408 - Logged_in: False 
2013-04-11 16:29:24,504 - Logged_in: False 
2013-04-11 16:30:13,968 - Logged_in: False 
2013-04-11 16:30:18,376 - Logged_in: False 
2013-04-11 16:30:37,168 - Logged_in: False 
2013-04-11 16:31:40,492 - Logged_in: False 
2013-04-11 16:32:04,422 - Logged_in: False 
2013-04-11 16:32:17,274 - Logged_in: False 
2013-04-11 16:33:23,808 - Logged_in: False 
2013-04-18 12:30:59,735 - IP 127.0.0.1 has attempted too many unsuccessfull logins 
